{"C:\\Users\\fibys\\Documents\\IC 4302 - Bases de Datos II\\Restaurantes-e2\\src\\api\\Controller.js": {"path":"C:\\Users\\fibys\\Documents\\IC 4302 - Bases de Datos II\\Restaurantes-e2\\src\\api\\Controller.js","statementMap":{"0":{"start":{"line":17,"column":16},"end":{"line":17,"column":34}},"1":{"start":{"line":18,"column":12},"end":{"line":18,"column":21}},"2":{"start":{"line":19,"column":15},"end":{"line":19,"column":34}},"3":{"start":{"line":20,"column":14},"end":{"line":20,"column":30}},"4":{"start":{"line":21,"column":19},"end":{"line":21,"column":42}},"5":{"start":{"line":22,"column":14},"end":{"line":22,"column":32}},"6":{"start":{"line":23,"column":24},"end":{"line":23,"column":52}},"7":{"start":{"line":24,"column":26},"end":{"line":24,"column":55}},"8":{"start":{"line":26,"column":0},"end":{"line":26,"column":24}},"9":{"start":{"line":28,"column":24},"end":{"line":28,"column":27}},"10":{"start":{"line":29,"column":20},"end":{"line":29,"column":52}},"11":{"start":{"line":30,"column":26},"end":{"line":30,"column":74}},"12":{"start":{"line":33,"column":2},"end":{"line":33,"column":53}},"13":{"start":{"line":39,"column":25},"end":{"line":85,"column":1}},"14":{"start":{"line":40,"column":26},"end":{"line":40,"column":34}},"15":{"start":{"line":42,"column":2},"end":{"line":44,"column":3}},"16":{"start":{"line":43,"column":4},"end":{"line":43,"column":73}},"17":{"start":{"line":46,"column":2},"end":{"line":84,"column":3}},"18":{"start":{"line":48,"column":41},"end":{"line":48,"column":63}},"19":{"start":{"line":49,"column":25},"end":{"line":49,"column":79}},"20":{"start":{"line":51,"column":4},"end":{"line":53,"column":5}},"21":{"start":{"line":52,"column":6},"end":{"line":52,"column":84}},"22":{"start":{"line":56,"column":38},"end":{"line":56,"column":57}},"23":{"start":{"line":59,"column":24},"end":{"line":65,"column":5}},"24":{"start":{"line":67,"column":4},"end":{"line":76,"column":7}},"25":{"start":{"line":79,"column":4},"end":{"line":79,"column":62}},"26":{"start":{"line":80,"column":4},"end":{"line":83,"column":7}},"27":{"start":{"line":87,"column":18},"end":{"line":126,"column":1}},"28":{"start":{"line":88,"column":33},"end":{"line":88,"column":41}},"29":{"start":{"line":90,"column":2},"end":{"line":92,"column":3}},"30":{"start":{"line":91,"column":4},"end":{"line":91,"column":75}},"31":{"start":{"line":94,"column":2},"end":{"line":125,"column":3}},"32":{"start":{"line":95,"column":21},"end":{"line":108,"column":5}},"33":{"start":{"line":110,"column":4},"end":{"line":113,"column":7}},"34":{"start":{"line":116,"column":4},"end":{"line":119,"column":7}},"35":{"start":{"line":121,"column":4},"end":{"line":124,"column":7}},"36":{"start":{"line":134,"column":21},"end":{"line":228,"column":1}},"37":{"start":{"line":135,"column":46},"end":{"line":135,"column":54}},"38":{"start":{"line":137,"column":2},"end":{"line":227,"column":3}},"39":{"start":{"line":138,"column":4},"end":{"line":140,"column":5}},"40":{"start":{"line":139,"column":6},"end":{"line":139,"column":75}},"41":{"start":{"line":142,"column":4},"end":{"line":144,"column":5}},"42":{"start":{"line":143,"column":6},"end":{"line":143,"column":68}},"43":{"start":{"line":146,"column":19},"end":{"line":146,"column":38}},"44":{"start":{"line":147,"column":24},"end":{"line":147,"column":42}},"45":{"start":{"line":150,"column":25},"end":{"line":150,"column":81}},"46":{"start":{"line":151,"column":23},"end":{"line":151,"column":87}},"47":{"start":{"line":153,"column":4},"end":{"line":155,"column":5}},"48":{"start":{"line":154,"column":8},"end":{"line":154,"column":80}},"49":{"start":{"line":157,"column":27},"end":{"line":157,"column":58}},"50":{"start":{"line":159,"column":23},"end":{"line":159,"column":44}},"51":{"start":{"line":161,"column":25},"end":{"line":182,"column":5}},"52":{"start":{"line":184,"column":27},"end":{"line":184,"column":56}},"53":{"start":{"line":185,"column":4},"end":{"line":187,"column":5}},"54":{"start":{"line":186,"column":6},"end":{"line":186,"column":77}},"55":{"start":{"line":188,"column":23},"end":{"line":188,"column":54}},"56":{"start":{"line":190,"column":20},"end":{"line":190,"column":95}},"57":{"start":{"line":192,"column":25},"end":{"line":197,"column":5}},"58":{"start":{"line":199,"column":4},"end":{"line":205,"column":6}},"59":{"start":{"line":207,"column":4},"end":{"line":213,"column":7}},"60":{"start":{"line":215,"column":4},"end":{"line":215,"column":57}},"61":{"start":{"line":218,"column":4},"end":{"line":221,"column":7}},"62":{"start":{"line":223,"column":4},"end":{"line":226,"column":7}},"63":{"start":{"line":233,"column":16},"end":{"line":260,"column":1}},"64":{"start":{"line":234,"column":19},"end":{"line":234,"column":40}},"65":{"start":{"line":235,"column":26},"end":{"line":235,"column":41}},"66":{"start":{"line":237,"column":2},"end":{"line":259,"column":3}},"67":{"start":{"line":239,"column":23},"end":{"line":239,"column":54}},"68":{"start":{"line":240,"column":4},"end":{"line":243,"column":5}},"69":{"start":{"line":241,"column":6},"end":{"line":241,"column":41}},"70":{"start":{"line":242,"column":6},"end":{"line":242,"column":46}},"71":{"start":{"line":246,"column":19},"end":{"line":246,"column":38}},"72":{"start":{"line":247,"column":24},"end":{"line":247,"column":42}},"73":{"start":{"line":249,"column":17},"end":{"line":249,"column":64}},"74":{"start":{"line":251,"column":4},"end":{"line":251,"column":81}},"75":{"start":{"line":251,"column":15},"end":{"line":251,"column":81}},"76":{"start":{"line":254,"column":4},"end":{"line":254,"column":77}},"77":{"start":{"line":255,"column":4},"end":{"line":255,"column":19}},"78":{"start":{"line":257,"column":4},"end":{"line":257,"column":54}},"79":{"start":{"line":258,"column":4},"end":{"line":258,"column":97}},"80":{"start":{"line":265,"column":19},"end":{"line":303,"column":1}},"81":{"start":{"line":266,"column":17},"end":{"line":266,"column":30}},"82":{"start":{"line":267,"column":26},"end":{"line":267,"column":34}},"83":{"start":{"line":269,"column":2},"end":{"line":302,"column":3}},"84":{"start":{"line":271,"column":19},"end":{"line":271,"column":38}},"85":{"start":{"line":272,"column":4},"end":{"line":274,"column":5}},"86":{"start":{"line":273,"column":6},"end":{"line":273,"column":78}},"87":{"start":{"line":276,"column":24},"end":{"line":276,"column":42}},"88":{"start":{"line":279,"column":25},"end":{"line":279,"column":59}},"89":{"start":{"line":280,"column":4},"end":{"line":282,"column":5}},"90":{"start":{"line":281,"column":6},"end":{"line":281,"column":72}},"91":{"start":{"line":285,"column":23},"end":{"line":285,"column":44}},"92":{"start":{"line":286,"column":4},"end":{"line":291,"column":6}},"93":{"start":{"line":294,"column":24},"end":{"line":294,"column":69}},"94":{"start":{"line":297,"column":4},"end":{"line":297,"column":61}},"95":{"start":{"line":298,"column":4},"end":{"line":298,"column":26}},"96":{"start":{"line":300,"column":4},"end":{"line":300,"column":88}},"97":{"start":{"line":301,"column":4},"end":{"line":301,"column":75}},"98":{"start":{"line":308,"column":19},"end":{"line":335,"column":1}},"99":{"start":{"line":309,"column":17},"end":{"line":309,"column":30}},"100":{"start":{"line":311,"column":2},"end":{"line":334,"column":3}},"101":{"start":{"line":313,"column":19},"end":{"line":313,"column":38}},"102":{"start":{"line":314,"column":24},"end":{"line":314,"column":42}},"103":{"start":{"line":317,"column":25},"end":{"line":317,"column":59}},"104":{"start":{"line":318,"column":4},"end":{"line":320,"column":5}},"105":{"start":{"line":319,"column":6},"end":{"line":319,"column":73}},"106":{"start":{"line":323,"column":23},"end":{"line":323,"column":44}},"107":{"start":{"line":324,"column":4},"end":{"line":324,"column":83}},"108":{"start":{"line":327,"column":24},"end":{"line":327,"column":56}},"109":{"start":{"line":329,"column":4},"end":{"line":329,"column":61}},"110":{"start":{"line":330,"column":4},"end":{"line":330,"column":80}},"111":{"start":{"line":332,"column":4},"end":{"line":332,"column":54}},"112":{"start":{"line":333,"column":4},"end":{"line":333,"column":97}},"113":{"start":{"line":348,"column":27},"end":{"line":365,"column":1}},"114":{"start":{"line":349,"column":45},"end":{"line":349,"column":53}},"115":{"start":{"line":350,"column":2},"end":{"line":364,"column":3}},"116":{"start":{"line":352,"column":19},"end":{"line":352,"column":38}},"117":{"start":{"line":353,"column":30},"end":{"line":353,"column":48}},"118":{"start":{"line":355,"column":26},"end":{"line":355,"column":96}},"119":{"start":{"line":356,"column":4},"end":{"line":356,"column":50}},"120":{"start":{"line":359,"column":4},"end":{"line":359,"column":45}},"121":{"start":{"line":360,"column":4},"end":{"line":360,"column":40}},"122":{"start":{"line":362,"column":4},"end":{"line":362,"column":60}},"123":{"start":{"line":363,"column":4},"end":{"line":363,"column":102}},"124":{"start":{"line":370,"column":23},"end":{"line":396,"column":1}},"125":{"start":{"line":371,"column":19},"end":{"line":371,"column":36}},"126":{"start":{"line":372,"column":26},"end":{"line":372,"column":41}},"127":{"start":{"line":374,"column":2},"end":{"line":395,"column":3}},"128":{"start":{"line":376,"column":30},"end":{"line":376,"column":61}},"129":{"start":{"line":377,"column":4},"end":{"line":380,"column":5}},"130":{"start":{"line":378,"column":6},"end":{"line":378,"column":48}},"131":{"start":{"line":379,"column":6},"end":{"line":379,"column":53}},"132":{"start":{"line":383,"column":19},"end":{"line":383,"column":38}},"133":{"start":{"line":384,"column":30},"end":{"line":384,"column":48}},"134":{"start":{"line":386,"column":24},"end":{"line":386,"column":60}},"135":{"start":{"line":389,"column":4},"end":{"line":389,"column":84}},"136":{"start":{"line":390,"column":4},"end":{"line":390,"column":47}},"137":{"start":{"line":391,"column":4},"end":{"line":391,"column":26}},"138":{"start":{"line":393,"column":4},"end":{"line":393,"column":59}},"139":{"start":{"line":394,"column":4},"end":{"line":394,"column":102}},"140":{"start":{"line":411,"column":21},"end":{"line":425,"column":1}},"141":{"start":{"line":412,"column":47},"end":{"line":412,"column":55}},"142":{"start":{"line":413,"column":2},"end":{"line":424,"column":3}},"143":{"start":{"line":414,"column":19},"end":{"line":414,"column":38}},"144":{"start":{"line":415,"column":24},"end":{"line":415,"column":42}},"145":{"start":{"line":417,"column":20},"end":{"line":417,"column":80}},"146":{"start":{"line":418,"column":4},"end":{"line":418,"column":66}},"147":{"start":{"line":420,"column":4},"end":{"line":420,"column":34}},"148":{"start":{"line":422,"column":4},"end":{"line":422,"column":52}},"149":{"start":{"line":423,"column":4},"end":{"line":423,"column":95}},"150":{"start":{"line":430,"column":16},"end":{"line":468,"column":1}},"151":{"start":{"line":431,"column":19},"end":{"line":431,"column":42}},"152":{"start":{"line":432,"column":26},"end":{"line":432,"column":29}},"153":{"start":{"line":434,"column":2},"end":{"line":467,"column":3}},"154":{"start":{"line":436,"column":23},"end":{"line":436,"column":54}},"155":{"start":{"line":437,"column":4},"end":{"line":443,"column":5}},"156":{"start":{"line":438,"column":6},"end":{"line":438,"column":41}},"157":{"start":{"line":439,"column":6},"end":{"line":442,"column":9}},"158":{"start":{"line":446,"column":19},"end":{"line":446,"column":38}},"159":{"start":{"line":447,"column":24},"end":{"line":447,"column":42}},"160":{"start":{"line":449,"column":17},"end":{"line":449,"column":53}},"161":{"start":{"line":451,"column":4},"end":{"line":453,"column":5}},"162":{"start":{"line":452,"column":6},"end":{"line":452,"column":69}},"163":{"start":{"line":456,"column":4},"end":{"line":456,"column":77}},"164":{"start":{"line":459,"column":4},"end":{"line":462,"column":7}},"165":{"start":{"line":465,"column":4},"end":{"line":465,"column":51}},"166":{"start":{"line":466,"column":4},"end":{"line":466,"column":94}},"167":{"start":{"line":474,"column":19},"end":{"line":488,"column":1}},"168":{"start":{"line":475,"column":47},"end":{"line":475,"column":55}},"169":{"start":{"line":476,"column":2},"end":{"line":487,"column":3}},"170":{"start":{"line":477,"column":19},"end":{"line":477,"column":38}},"171":{"start":{"line":478,"column":24},"end":{"line":478,"column":42}},"172":{"start":{"line":480,"column":24},"end":{"line":480,"column":97}},"173":{"start":{"line":481,"column":4},"end":{"line":481,"column":70}},"174":{"start":{"line":483,"column":4},"end":{"line":483,"column":26}},"175":{"start":{"line":485,"column":4},"end":{"line":485,"column":53}},"176":{"start":{"line":486,"column":4},"end":{"line":486,"column":96}},"177":{"start":{"line":493,"column":19},"end":{"line":506,"column":1}},"178":{"start":{"line":494,"column":2},"end":{"line":505,"column":3}},"179":{"start":{"line":495,"column":19},"end":{"line":495,"column":38}},"180":{"start":{"line":496,"column":24},"end":{"line":496,"column":42}},"181":{"start":{"line":498,"column":24},"end":{"line":498,"column":63}},"182":{"start":{"line":499,"column":4},"end":{"line":499,"column":70}},"183":{"start":{"line":501,"column":4},"end":{"line":501,"column":78}},"184":{"start":{"line":503,"column":4},"end":{"line":503,"column":51}},"185":{"start":{"line":504,"column":4},"end":{"line":504,"column":94}},"186":{"start":{"line":519,"column":28},"end":{"line":533,"column":1}},"187":{"start":{"line":520,"column":55},"end":{"line":520,"column":63}},"188":{"start":{"line":522,"column":2},"end":{"line":532,"column":3}},"189":{"start":{"line":523,"column":19},"end":{"line":523,"column":38}},"190":{"start":{"line":524,"column":31},"end":{"line":524,"column":49}},"191":{"start":{"line":526,"column":27},"end":{"line":526,"column":109}},"192":{"start":{"line":527,"column":4},"end":{"line":527,"column":80}},"193":{"start":{"line":528,"column":4},"end":{"line":528,"column":41}},"194":{"start":{"line":530,"column":4},"end":{"line":530,"column":55}},"195":{"start":{"line":531,"column":4},"end":{"line":531,"column":98}},"196":{"start":{"line":538,"column":23},"end":{"line":565,"column":1}},"197":{"start":{"line":539,"column":19},"end":{"line":539,"column":49}},"198":{"start":{"line":540,"column":26},"end":{"line":540,"column":41}},"199":{"start":{"line":542,"column":2},"end":{"line":564,"column":3}},"200":{"start":{"line":544,"column":30},"end":{"line":544,"column":61}},"201":{"start":{"line":545,"column":4},"end":{"line":548,"column":5}},"202":{"start":{"line":546,"column":6},"end":{"line":546,"column":48}},"203":{"start":{"line":547,"column":6},"end":{"line":547,"column":53}},"204":{"start":{"line":551,"column":19},"end":{"line":551,"column":38}},"205":{"start":{"line":552,"column":31},"end":{"line":552,"column":49}},"206":{"start":{"line":554,"column":24},"end":{"line":554,"column":74}},"207":{"start":{"line":555,"column":4},"end":{"line":555,"column":88}},"208":{"start":{"line":555,"column":22},"end":{"line":555,"column":88}},"209":{"start":{"line":558,"column":4},"end":{"line":558,"column":84}},"210":{"start":{"line":559,"column":4},"end":{"line":559,"column":46}},"211":{"start":{"line":560,"column":4},"end":{"line":560,"column":26}},"212":{"start":{"line":562,"column":4},"end":{"line":562,"column":54}},"213":{"start":{"line":563,"column":4},"end":{"line":563,"column":97}},"214":{"start":{"line":570,"column":26},"end":{"line":583,"column":1}},"215":{"start":{"line":571,"column":2},"end":{"line":582,"column":3}},"216":{"start":{"line":572,"column":19},"end":{"line":572,"column":38}},"217":{"start":{"line":573,"column":31},"end":{"line":573,"column":49}},"218":{"start":{"line":575,"column":31},"end":{"line":575,"column":84}},"219":{"start":{"line":576,"column":4},"end":{"line":576,"column":84}},"220":{"start":{"line":578,"column":4},"end":{"line":578,"column":99}},"221":{"start":{"line":580,"column":4},"end":{"line":580,"column":54}},"222":{"start":{"line":581,"column":4},"end":{"line":581,"column":97}},"223":{"start":{"line":596,"column":22},"end":{"line":609,"column":1}},"224":{"start":{"line":597,"column":66},"end":{"line":597,"column":74}},"225":{"start":{"line":598,"column":2},"end":{"line":608,"column":3}},"226":{"start":{"line":599,"column":19},"end":{"line":599,"column":38}},"227":{"start":{"line":600,"column":25},"end":{"line":600,"column":43}},"228":{"start":{"line":602,"column":21},"end":{"line":602,"column":102}},"229":{"start":{"line":603,"column":4},"end":{"line":603,"column":68}},"230":{"start":{"line":604,"column":4},"end":{"line":604,"column":35}},"231":{"start":{"line":606,"column":4},"end":{"line":606,"column":53}},"232":{"start":{"line":607,"column":4},"end":{"line":607,"column":96}},"233":{"start":{"line":614,"column":17},"end":{"line":641,"column":1}},"234":{"start":{"line":615,"column":19},"end":{"line":615,"column":43}},"235":{"start":{"line":616,"column":26},"end":{"line":616,"column":41}},"236":{"start":{"line":618,"column":2},"end":{"line":640,"column":3}},"237":{"start":{"line":620,"column":24},"end":{"line":620,"column":55}},"238":{"start":{"line":621,"column":4},"end":{"line":624,"column":5}},"239":{"start":{"line":622,"column":6},"end":{"line":622,"column":42}},"240":{"start":{"line":623,"column":6},"end":{"line":623,"column":47}},"241":{"start":{"line":627,"column":19},"end":{"line":627,"column":38}},"242":{"start":{"line":628,"column":25},"end":{"line":628,"column":43}},"243":{"start":{"line":630,"column":18},"end":{"line":630,"column":56}},"244":{"start":{"line":631,"column":4},"end":{"line":631,"column":80}},"245":{"start":{"line":631,"column":16},"end":{"line":631,"column":80}},"246":{"start":{"line":634,"column":4},"end":{"line":634,"column":78}},"247":{"start":{"line":635,"column":4},"end":{"line":635,"column":40}},"248":{"start":{"line":636,"column":4},"end":{"line":636,"column":20}},"249":{"start":{"line":638,"column":4},"end":{"line":638,"column":52}},"250":{"start":{"line":639,"column":4},"end":{"line":639,"column":95}},"251":{"start":{"line":649,"column":21},"end":{"line":664,"column":1}},"252":{"start":{"line":650,"column":2},"end":{"line":663,"column":3}},"253":{"start":{"line":651,"column":4},"end":{"line":660,"column":7}},"254":{"start":{"line":662,"column":4},"end":{"line":662,"column":71}},"255":{"start":{"line":669,"column":26},"end":{"line":680,"column":1}},"256":{"start":{"line":670,"column":2},"end":{"line":679,"column":3}},"257":{"start":{"line":671,"column":4},"end":{"line":674,"column":7}},"258":{"start":{"line":676,"column":4},"end":{"line":678,"column":5}},"259":{"start":{"line":677,"column":6},"end":{"line":677,"column":74}},"260":{"start":{"line":694,"column":24},"end":{"line":713,"column":1}},"261":{"start":{"line":695,"column":75},"end":{"line":695,"column":83}},"262":{"start":{"line":697,"column":2},"end":{"line":712,"column":3}},"263":{"start":{"line":698,"column":19},"end":{"line":698,"column":38}},"264":{"start":{"line":699,"column":27},"end":{"line":699,"column":45}},"265":{"start":{"line":701,"column":23},"end":{"line":703,"column":49}},"266":{"start":{"line":705,"column":4},"end":{"line":705,"column":35}},"267":{"start":{"line":707,"column":4},"end":{"line":707,"column":42}},"268":{"start":{"line":708,"column":4},"end":{"line":708,"column":37}},"269":{"start":{"line":710,"column":4},"end":{"line":710,"column":56}},"270":{"start":{"line":711,"column":4},"end":{"line":711,"column":99}},"271":{"start":{"line":718,"column":20},"end":{"line":744,"column":1}},"272":{"start":{"line":719,"column":19},"end":{"line":719,"column":33}},"273":{"start":{"line":720,"column":26},"end":{"line":720,"column":41}},"274":{"start":{"line":722,"column":2},"end":{"line":743,"column":3}},"275":{"start":{"line":724,"column":27},"end":{"line":724,"column":58}},"276":{"start":{"line":725,"column":4},"end":{"line":728,"column":5}},"277":{"start":{"line":726,"column":6},"end":{"line":726,"column":45}},"278":{"start":{"line":727,"column":6},"end":{"line":727,"column":50}},"279":{"start":{"line":731,"column":19},"end":{"line":731,"column":38}},"280":{"start":{"line":732,"column":27},"end":{"line":732,"column":45}},"281":{"start":{"line":734,"column":21},"end":{"line":734,"column":51}},"282":{"start":{"line":737,"column":4},"end":{"line":737,"column":81}},"283":{"start":{"line":738,"column":4},"end":{"line":738,"column":44}},"284":{"start":{"line":739,"column":4},"end":{"line":739,"column":23}},"285":{"start":{"line":741,"column":4},"end":{"line":741,"column":54}},"286":{"start":{"line":742,"column":4},"end":{"line":742,"column":97}},"287":{"start":{"line":749,"column":22},"end":{"line":767,"column":1}},"288":{"start":{"line":750,"column":20},"end":{"line":750,"column":33}},"289":{"start":{"line":752,"column":2},"end":{"line":766,"column":3}},"290":{"start":{"line":754,"column":19},"end":{"line":754,"column":38}},"291":{"start":{"line":755,"column":27},"end":{"line":755,"column":45}},"292":{"start":{"line":757,"column":27},"end":{"line":757,"column":68}},"293":{"start":{"line":759,"column":4},"end":{"line":759,"column":39}},"294":{"start":{"line":760,"column":4},"end":{"line":760,"column":42}},"295":{"start":{"line":762,"column":4},"end":{"line":762,"column":88}},"296":{"start":{"line":764,"column":4},"end":{"line":764,"column":55}},"297":{"start":{"line":765,"column":4},"end":{"line":765,"column":98}},"298":{"start":{"line":769,"column":0},"end":{"line":772,"column":18}}},"fnMap":{"0":{"name":"getEntityId","decl":{"start":{"line":32,"column":9},"end":{"line":32,"column":20}},"loc":{"start":{"line":32,"column":37},"end":{"line":34,"column":1}},"line":32},"1":{"name":"(anonymous_1)","decl":{"start":{"line":39,"column":25},"end":{"line":39,"column":26}},"loc":{"start":{"line":39,"column":45},"end":{"line":85,"column":1}},"line":39},"2":{"name":"(anonymous_2)","decl":{"start":{"line":87,"column":18},"end":{"line":87,"column":19}},"loc":{"start":{"line":87,"column":38},"end":{"line":126,"column":1}},"line":87},"3":{"name":"(anonymous_3)","decl":{"start":{"line":134,"column":21},"end":{"line":134,"column":22}},"loc":{"start":{"line":134,"column":41},"end":{"line":228,"column":1}},"line":134},"4":{"name":"(anonymous_4)","decl":{"start":{"line":233,"column":16},"end":{"line":233,"column":17}},"loc":{"start":{"line":233,"column":36},"end":{"line":260,"column":1}},"line":233},"5":{"name":"(anonymous_5)","decl":{"start":{"line":265,"column":19},"end":{"line":265,"column":20}},"loc":{"start":{"line":265,"column":39},"end":{"line":303,"column":1}},"line":265},"6":{"name":"(anonymous_6)","decl":{"start":{"line":308,"column":19},"end":{"line":308,"column":20}},"loc":{"start":{"line":308,"column":39},"end":{"line":335,"column":1}},"line":308},"7":{"name":"(anonymous_7)","decl":{"start":{"line":348,"column":27},"end":{"line":348,"column":28}},"loc":{"start":{"line":348,"column":47},"end":{"line":365,"column":1}},"line":348},"8":{"name":"(anonymous_8)","decl":{"start":{"line":370,"column":23},"end":{"line":370,"column":24}},"loc":{"start":{"line":370,"column":43},"end":{"line":396,"column":1}},"line":370},"9":{"name":"(anonymous_9)","decl":{"start":{"line":411,"column":21},"end":{"line":411,"column":22}},"loc":{"start":{"line":411,"column":41},"end":{"line":425,"column":1}},"line":411},"10":{"name":"(anonymous_10)","decl":{"start":{"line":430,"column":16},"end":{"line":430,"column":17}},"loc":{"start":{"line":430,"column":36},"end":{"line":468,"column":1}},"line":430},"11":{"name":"(anonymous_11)","decl":{"start":{"line":474,"column":19},"end":{"line":474,"column":20}},"loc":{"start":{"line":474,"column":39},"end":{"line":488,"column":1}},"line":474},"12":{"name":"(anonymous_12)","decl":{"start":{"line":493,"column":19},"end":{"line":493,"column":20}},"loc":{"start":{"line":493,"column":39},"end":{"line":506,"column":1}},"line":493},"13":{"name":"(anonymous_13)","decl":{"start":{"line":519,"column":28},"end":{"line":519,"column":29}},"loc":{"start":{"line":519,"column":48},"end":{"line":533,"column":1}},"line":519},"14":{"name":"(anonymous_14)","decl":{"start":{"line":538,"column":23},"end":{"line":538,"column":24}},"loc":{"start":{"line":538,"column":43},"end":{"line":565,"column":1}},"line":538},"15":{"name":"(anonymous_15)","decl":{"start":{"line":570,"column":26},"end":{"line":570,"column":27}},"loc":{"start":{"line":570,"column":46},"end":{"line":583,"column":1}},"line":570},"16":{"name":"(anonymous_16)","decl":{"start":{"line":596,"column":22},"end":{"line":596,"column":23}},"loc":{"start":{"line":596,"column":42},"end":{"line":609,"column":1}},"line":596},"17":{"name":"(anonymous_17)","decl":{"start":{"line":614,"column":17},"end":{"line":614,"column":18}},"loc":{"start":{"line":614,"column":37},"end":{"line":641,"column":1}},"line":614},"18":{"name":"(anonymous_18)","decl":{"start":{"line":649,"column":21},"end":{"line":649,"column":22}},"loc":{"start":{"line":649,"column":39},"end":{"line":664,"column":1}},"line":649},"19":{"name":"(anonymous_19)","decl":{"start":{"line":669,"column":26},"end":{"line":669,"column":27}},"loc":{"start":{"line":669,"column":47},"end":{"line":680,"column":1}},"line":669},"20":{"name":"(anonymous_20)","decl":{"start":{"line":694,"column":24},"end":{"line":694,"column":25}},"loc":{"start":{"line":694,"column":44},"end":{"line":713,"column":1}},"line":694},"21":{"name":"(anonymous_21)","decl":{"start":{"line":718,"column":20},"end":{"line":718,"column":21}},"loc":{"start":{"line":718,"column":40},"end":{"line":744,"column":1}},"line":718},"22":{"name":"(anonymous_22)","decl":{"start":{"line":749,"column":22},"end":{"line":749,"column":23}},"loc":{"start":{"line":749,"column":42},"end":{"line":767,"column":1}},"line":749}},"branchMap":{"0":{"loc":{"start":{"line":33,"column":9},"end":{"line":33,"column":52}},"type":"cond-expr","locations":[{"start":{"line":33,"column":30},"end":{"line":33,"column":40}},{"start":{"line":33,"column":43},"end":{"line":33,"column":52}}],"line":33},"1":{"loc":{"start":{"line":42,"column":2},"end":{"line":44,"column":3}},"type":"if","locations":[{"start":{"line":42,"column":2},"end":{"line":44,"column":3}},{"start":{},"end":{}}],"line":42},"2":{"loc":{"start":{"line":51,"column":4},"end":{"line":53,"column":5}},"type":"if","locations":[{"start":{"line":51,"column":4},"end":{"line":53,"column":5}},{"start":{},"end":{}}],"line":51},"3":{"loc":{"start":{"line":82,"column":13},"end":{"line":82,"column":35}},"type":"binary-expr","locations":[{"start":{"line":82,"column":13},"end":{"line":82,"column":26}},{"start":{"line":82,"column":30},"end":{"line":82,"column":35}}],"line":82},"4":{"loc":{"start":{"line":90,"column":2},"end":{"line":92,"column":3}},"type":"if","locations":[{"start":{"line":90,"column":2},"end":{"line":92,"column":3}},{"start":{},"end":{}}],"line":90},"5":{"loc":{"start":{"line":90,"column":6},"end":{"line":90,"column":28}},"type":"binary-expr","locations":[{"start":{"line":90,"column":6},"end":{"line":90,"column":15}},{"start":{"line":90,"column":19},"end":{"line":90,"column":28}}],"line":90},"6":{"loc":{"start":{"line":123,"column":13},"end":{"line":123,"column":50}},"type":"binary-expr","locations":[{"start":{"line":123,"column":13},"end":{"line":123,"column":33}},{"start":{"line":123,"column":37},"end":{"line":123,"column":50}}],"line":123},"7":{"loc":{"start":{"line":138,"column":4},"end":{"line":140,"column":5}},"type":"if","locations":[{"start":{"line":138,"column":4},"end":{"line":140,"column":5}},{"start":{},"end":{}}],"line":138},"8":{"loc":{"start":{"line":138,"column":8},"end":{"line":138,"column":49}},"type":"binary-expr","locations":[{"start":{"line":138,"column":8},"end":{"line":138,"column":17}},{"start":{"line":138,"column":21},"end":{"line":138,"column":30}},{"start":{"line":138,"column":34},"end":{"line":138,"column":40}},{"start":{"line":138,"column":44},"end":{"line":138,"column":49}}],"line":138},"9":{"loc":{"start":{"line":142,"column":4},"end":{"line":144,"column":5}},"type":"if","locations":[{"start":{"line":142,"column":4},"end":{"line":144,"column":5}},{"start":{},"end":{}}],"line":142},"10":{"loc":{"start":{"line":142,"column":8},"end":{"line":142,"column":62}},"type":"binary-expr","locations":[{"start":{"line":142,"column":8},"end":{"line":142,"column":36}},{"start":{"line":142,"column":40},"end":{"line":142,"column":62}}],"line":142},"11":{"loc":{"start":{"line":151,"column":23},"end":{"line":151,"column":87}},"type":"cond-expr","locations":[{"start":{"line":151,"column":47},"end":{"line":151,"column":70}},{"start":{"line":151,"column":73},"end":{"line":151,"column":87}}],"line":151},"12":{"loc":{"start":{"line":153,"column":4},"end":{"line":155,"column":5}},"type":"if","locations":[{"start":{"line":153,"column":4},"end":{"line":155,"column":5}},{"start":{},"end":{}}],"line":153},"13":{"loc":{"start":{"line":185,"column":4},"end":{"line":187,"column":5}},"type":"if","locations":[{"start":{"line":185,"column":4},"end":{"line":187,"column":5}},{"start":{},"end":{}}],"line":185},"14":{"loc":{"start":{"line":208,"column":10},"end":{"line":208,"column":35}},"type":"binary-expr","locations":[{"start":{"line":208,"column":10},"end":{"line":208,"column":20}},{"start":{"line":208,"column":24},"end":{"line":208,"column":35}}],"line":208},"15":{"loc":{"start":{"line":225,"column":13},"end":{"line":225,"column":64}},"type":"binary-expr","locations":[{"start":{"line":225,"column":13},"end":{"line":225,"column":47}},{"start":{"line":225,"column":51},"end":{"line":225,"column":64}}],"line":225},"16":{"loc":{"start":{"line":240,"column":4},"end":{"line":243,"column":5}},"type":"if","locations":[{"start":{"line":240,"column":4},"end":{"line":243,"column":5}},{"start":{},"end":{}}],"line":240},"17":{"loc":{"start":{"line":251,"column":4},"end":{"line":251,"column":81}},"type":"if","locations":[{"start":{"line":251,"column":4},"end":{"line":251,"column":81}},{"start":{},"end":{}}],"line":251},"18":{"loc":{"start":{"line":258,"column":71},"end":{"line":258,"column":93}},"type":"binary-expr","locations":[{"start":{"line":258,"column":71},"end":{"line":258,"column":84}},{"start":{"line":258,"column":88},"end":{"line":258,"column":93}}],"line":258},"19":{"loc":{"start":{"line":272,"column":4},"end":{"line":274,"column":5}},"type":"if","locations":[{"start":{"line":272,"column":4},"end":{"line":274,"column":5}},{"start":{},"end":{}}],"line":272},"20":{"loc":{"start":{"line":272,"column":8},"end":{"line":272,"column":54}},"type":"binary-expr","locations":[{"start":{"line":272,"column":8},"end":{"line":272,"column":29}},{"start":{"line":272,"column":33},"end":{"line":272,"column":54}}],"line":272},"21":{"loc":{"start":{"line":280,"column":4},"end":{"line":282,"column":5}},"type":"if","locations":[{"start":{"line":280,"column":4},"end":{"line":282,"column":5}},{"start":{},"end":{}}],"line":280},"22":{"loc":{"start":{"line":300,"column":49},"end":{"line":300,"column":86}},"type":"binary-expr","locations":[{"start":{"line":300,"column":49},"end":{"line":300,"column":69}},{"start":{"line":300,"column":73},"end":{"line":300,"column":86}}],"line":300},"23":{"loc":{"start":{"line":318,"column":4},"end":{"line":320,"column":5}},"type":"if","locations":[{"start":{"line":318,"column":4},"end":{"line":320,"column":5}},{"start":{},"end":{}}],"line":318},"24":{"loc":{"start":{"line":333,"column":71},"end":{"line":333,"column":93}},"type":"binary-expr","locations":[{"start":{"line":333,"column":71},"end":{"line":333,"column":84}},{"start":{"line":333,"column":88},"end":{"line":333,"column":93}}],"line":333},"25":{"loc":{"start":{"line":363,"column":76},"end":{"line":363,"column":98}},"type":"binary-expr","locations":[{"start":{"line":363,"column":76},"end":{"line":363,"column":89}},{"start":{"line":363,"column":93},"end":{"line":363,"column":98}}],"line":363},"26":{"loc":{"start":{"line":377,"column":4},"end":{"line":380,"column":5}},"type":"if","locations":[{"start":{"line":377,"column":4},"end":{"line":380,"column":5}},{"start":{},"end":{}}],"line":377},"27":{"loc":{"start":{"line":394,"column":76},"end":{"line":394,"column":98}},"type":"binary-expr","locations":[{"start":{"line":394,"column":76},"end":{"line":394,"column":89}},{"start":{"line":394,"column":93},"end":{"line":394,"column":98}}],"line":394},"28":{"loc":{"start":{"line":423,"column":69},"end":{"line":423,"column":91}},"type":"binary-expr","locations":[{"start":{"line":423,"column":69},"end":{"line":423,"column":82}},{"start":{"line":423,"column":86},"end":{"line":423,"column":91}}],"line":423},"29":{"loc":{"start":{"line":437,"column":4},"end":{"line":443,"column":5}},"type":"if","locations":[{"start":{"line":437,"column":4},"end":{"line":443,"column":5}},{"start":{},"end":{}}],"line":437},"30":{"loc":{"start":{"line":451,"column":4},"end":{"line":453,"column":5}},"type":"if","locations":[{"start":{"line":451,"column":4},"end":{"line":453,"column":5}},{"start":{},"end":{}}],"line":451},"31":{"loc":{"start":{"line":466,"column":68},"end":{"line":466,"column":90}},"type":"binary-expr","locations":[{"start":{"line":466,"column":68},"end":{"line":466,"column":81}},{"start":{"line":466,"column":85},"end":{"line":466,"column":90}}],"line":466},"32":{"loc":{"start":{"line":486,"column":70},"end":{"line":486,"column":92}},"type":"binary-expr","locations":[{"start":{"line":486,"column":70},"end":{"line":486,"column":83}},{"start":{"line":486,"column":87},"end":{"line":486,"column":92}}],"line":486},"33":{"loc":{"start":{"line":504,"column":68},"end":{"line":504,"column":90}},"type":"binary-expr","locations":[{"start":{"line":504,"column":68},"end":{"line":504,"column":81}},{"start":{"line":504,"column":85},"end":{"line":504,"column":90}}],"line":504},"34":{"loc":{"start":{"line":531,"column":72},"end":{"line":531,"column":94}},"type":"binary-expr","locations":[{"start":{"line":531,"column":72},"end":{"line":531,"column":85}},{"start":{"line":531,"column":89},"end":{"line":531,"column":94}}],"line":531},"35":{"loc":{"start":{"line":545,"column":4},"end":{"line":548,"column":5}},"type":"if","locations":[{"start":{"line":545,"column":4},"end":{"line":548,"column":5}},{"start":{},"end":{}}],"line":545},"36":{"loc":{"start":{"line":555,"column":4},"end":{"line":555,"column":88}},"type":"if","locations":[{"start":{"line":555,"column":4},"end":{"line":555,"column":88}},{"start":{},"end":{}}],"line":555},"37":{"loc":{"start":{"line":563,"column":71},"end":{"line":563,"column":93}},"type":"binary-expr","locations":[{"start":{"line":563,"column":71},"end":{"line":563,"column":84}},{"start":{"line":563,"column":88},"end":{"line":563,"column":93}}],"line":563},"38":{"loc":{"start":{"line":581,"column":71},"end":{"line":581,"column":93}},"type":"binary-expr","locations":[{"start":{"line":581,"column":71},"end":{"line":581,"column":84}},{"start":{"line":581,"column":88},"end":{"line":581,"column":93}}],"line":581},"39":{"loc":{"start":{"line":607,"column":70},"end":{"line":607,"column":92}},"type":"binary-expr","locations":[{"start":{"line":607,"column":70},"end":{"line":607,"column":83}},{"start":{"line":607,"column":87},"end":{"line":607,"column":92}}],"line":607},"40":{"loc":{"start":{"line":621,"column":4},"end":{"line":624,"column":5}},"type":"if","locations":[{"start":{"line":621,"column":4},"end":{"line":624,"column":5}},{"start":{},"end":{}}],"line":621},"41":{"loc":{"start":{"line":631,"column":4},"end":{"line":631,"column":80}},"type":"if","locations":[{"start":{"line":631,"column":4},"end":{"line":631,"column":80}},{"start":{},"end":{}}],"line":631},"42":{"loc":{"start":{"line":639,"column":69},"end":{"line":639,"column":91}},"type":"binary-expr","locations":[{"start":{"line":639,"column":69},"end":{"line":639,"column":82}},{"start":{"line":639,"column":86},"end":{"line":639,"column":91}}],"line":639},"43":{"loc":{"start":{"line":676,"column":4},"end":{"line":678,"column":5}},"type":"if","locations":[{"start":{"line":676,"column":4},"end":{"line":678,"column":5}},{"start":{},"end":{}}],"line":676},"44":{"loc":{"start":{"line":702,"column":12},"end":{"line":702,"column":53}},"type":"binary-expr","locations":[{"start":{"line":702,"column":12},"end":{"line":702,"column":23}},{"start":{"line":702,"column":27},"end":{"line":702,"column":53}}],"line":702},"45":{"loc":{"start":{"line":711,"column":73},"end":{"line":711,"column":95}},"type":"binary-expr","locations":[{"start":{"line":711,"column":73},"end":{"line":711,"column":86}},{"start":{"line":711,"column":90},"end":{"line":711,"column":95}}],"line":711},"46":{"loc":{"start":{"line":725,"column":4},"end":{"line":728,"column":5}},"type":"if","locations":[{"start":{"line":725,"column":4},"end":{"line":728,"column":5}},{"start":{},"end":{}}],"line":725},"47":{"loc":{"start":{"line":742,"column":71},"end":{"line":742,"column":93}},"type":"binary-expr","locations":[{"start":{"line":742,"column":71},"end":{"line":742,"column":84}},{"start":{"line":742,"column":88},"end":{"line":742,"column":93}}],"line":742},"48":{"loc":{"start":{"line":765,"column":72},"end":{"line":765,"column":94}},"type":"binary-expr","locations":[{"start":{"line":765,"column":72},"end":{"line":765,"column":85}},{"start":{"line":765,"column":89},"end":{"line":765,"column":94}}],"line":765}},"s":{"0":1,"1":1,"2":1,"3":1,"4":1,"5":1,"6":1,"7":1,"8":1,"9":1,"10":1,"11":1,"12":0,"13":1,"14":4,"15":4,"16":1,"17":3,"18":3,"19":3,"20":2,"21":1,"22":1,"23":1,"24":1,"25":1,"26":1,"27":1,"28":5,"29":5,"30":2,"31":3,"32":3,"33":1,"34":2,"35":2,"36":1,"37":1,"38":1,"39":1,"40":0,"41":1,"42":0,"43":1,"44":1,"45":1,"46":1,"47":1,"48":0,"49":1,"50":1,"51":1,"52":1,"53":1,"54":0,"55":1,"56":1,"57":1,"58":1,"59":1,"60":1,"61":0,"62":0,"63":1,"64":2,"65":2,"66":2,"67":2,"68":2,"69":0,"70":0,"71":2,"72":2,"73":2,"74":2,"75":1,"76":1,"77":1,"78":0,"79":0,"80":1,"81":1,"82":1,"83":1,"84":1,"85":1,"86":0,"87":1,"88":1,"89":1,"90":0,"91":1,"92":1,"93":1,"94":1,"95":1,"96":0,"97":0,"98":1,"99":1,"100":1,"101":1,"102":1,"103":1,"104":1,"105":0,"106":1,"107":1,"108":1,"109":1,"110":1,"111":0,"112":0,"113":1,"114":0,"115":0,"116":0,"117":0,"118":0,"119":0,"120":0,"121":0,"122":0,"123":0,"124":1,"125":0,"126":0,"127":0,"128":0,"129":0,"130":0,"131":0,"132":0,"133":0,"134":0,"135":0,"136":0,"137":0,"138":0,"139":0,"140":1,"141":0,"142":0,"143":0,"144":0,"145":0,"146":0,"147":0,"148":0,"149":0,"150":1,"151":0,"152":0,"153":0,"154":0,"155":0,"156":0,"157":0,"158":0,"159":0,"160":0,"161":0,"162":0,"163":0,"164":0,"165":0,"166":0,"167":1,"168":0,"169":0,"170":0,"171":0,"172":0,"173":0,"174":0,"175":0,"176":0,"177":1,"178":0,"179":0,"180":0,"181":0,"182":0,"183":0,"184":0,"185":0,"186":1,"187":0,"188":0,"189":0,"190":0,"191":0,"192":0,"193":0,"194":0,"195":0,"196":1,"197":0,"198":0,"199":0,"200":0,"201":0,"202":0,"203":0,"204":0,"205":0,"206":0,"207":0,"208":0,"209":0,"210":0,"211":0,"212":0,"213":0,"214":1,"215":0,"216":0,"217":0,"218":0,"219":0,"220":0,"221":0,"222":0,"223":1,"224":0,"225":0,"226":0,"227":0,"228":0,"229":0,"230":0,"231":0,"232":0,"233":1,"234":0,"235":0,"236":0,"237":0,"238":0,"239":0,"240":0,"241":0,"242":0,"243":0,"244":0,"245":0,"246":0,"247":0,"248":0,"249":0,"250":0,"251":1,"252":0,"253":0,"254":0,"255":1,"256":0,"257":0,"258":0,"259":0,"260":1,"261":0,"262":0,"263":0,"264":0,"265":0,"266":0,"267":0,"268":0,"269":0,"270":0,"271":1,"272":0,"273":0,"274":0,"275":0,"276":0,"277":0,"278":0,"279":0,"280":0,"281":0,"282":0,"283":0,"284":0,"285":0,"286":0,"287":1,"288":0,"289":0,"290":0,"291":0,"292":0,"293":0,"294":0,"295":0,"296":0,"297":0,"298":1},"f":{"0":0,"1":4,"2":5,"3":1,"4":2,"5":1,"6":1,"7":0,"8":0,"9":0,"10":0,"11":0,"12":0,"13":0,"14":0,"15":0,"16":0,"17":0,"18":0,"19":0,"20":0,"21":0,"22":0},"b":{"0":[0,0],"1":[1,3],"2":[1,1],"3":[1,0],"4":[2,3],"5":[5,4],"6":[2,1],"7":[0,1],"8":[1,1,1,1],"9":[0,1],"10":[1,1],"11":[1,0],"12":[0,1],"13":[0,1],"14":[1,0],"15":[0,0],"16":[0,2],"17":[1,1],"18":[0,0],"19":[0,1],"20":[1,1],"21":[0,1],"22":[0,0],"23":[0,1],"24":[0,0],"25":[0,0],"26":[0,0],"27":[0,0],"28":[0,0],"29":[0,0],"30":[0,0],"31":[0,0],"32":[0,0],"33":[0,0],"34":[0,0],"35":[0,0],"36":[0,0],"37":[0,0],"38":[0,0],"39":[0,0],"40":[0,0],"41":[0,0],"42":[0,0],"43":[0,0],"44":[0,0],"45":[0,0],"46":[0,0],"47":[0,0],"48":[0,0]},"_coverageSchema":"1a1c01bbd47fc00a2c39e90264f33305004495a9","hash":"a8f117e198e39d9f1b86f1ad4327715b3c599e54"}
,"C:\\Users\\fibys\\Documents\\IC 4302 - Bases de Datos II\\Restaurantes-e2\\src\\api\\Routes.js": {"path":"C:\\Users\\fibys\\Documents\\IC 4302 - Bases de Datos II\\Restaurantes-e2\\src\\api\\Routes.js","statementMap":{"0":{"start":{"line":6,"column":16},"end":{"line":6,"column":34}},"1":{"start":{"line":9,"column":84},"end":{"line":9,"column":107}},"2":{"start":{"line":10,"column":46},"end":{"line":10,"column":77}},"3":{"start":{"line":12,"column":15},"end":{"line":12,"column":31}},"4":{"start":{"line":15,"column":0},"end":{"line":15,"column":44}},"5":{"start":{"line":16,"column":0},"end":{"line":16,"column":38}},"6":{"start":{"line":17,"column":0},"end":{"line":17,"column":40}},"7":{"start":{"line":20,"column":0},"end":{"line":20,"column":50}},"8":{"start":{"line":21,"column":0},"end":{"line":21,"column":63}},"9":{"start":{"line":22,"column":0},"end":{"line":22,"column":66}},"10":{"start":{"line":25,"column":0},"end":{"line":25,"column":74}},"11":{"start":{"line":26,"column":0},"end":{"line":26,"column":60}},"12":{"start":{"line":29,"column":0},"end":{"line":29,"column":62}},"13":{"start":{"line":30,"column":0},"end":{"line":30,"column":51}},"14":{"start":{"line":31,"column":0},"end":{"line":31,"column":63}},"15":{"start":{"line":32,"column":0},"end":{"line":32,"column":66}},"16":{"start":{"line":35,"column":0},"end":{"line":35,"column":67}},"17":{"start":{"line":36,"column":0},"end":{"line":36,"column":65}},"18":{"start":{"line":37,"column":0},"end":{"line":37,"column":71}},"19":{"start":{"line":40,"column":0},"end":{"line":40,"column":55}},"20":{"start":{"line":41,"column":0},"end":{"line":41,"column":53}},"21":{"start":{"line":44,"column":0},"end":{"line":44,"column":68}},"22":{"start":{"line":45,"column":0},"end":{"line":45,"column":63}},"23":{"start":{"line":46,"column":0},"end":{"line":46,"column":72}},"24":{"start":{"line":48,"column":0},"end":{"line":50,"column":3}},"25":{"start":{"line":49,"column":4},"end":{"line":49,"column":54}},"26":{"start":{"line":52,"column":0},"end":{"line":52,"column":24}}},"fnMap":{"0":{"name":"(anonymous_0)","decl":{"start":{"line":48,"column":16},"end":{"line":48,"column":17}},"loc":{"start":{"line":48,"column":30},"end":{"line":50,"column":1}},"line":48}},"branchMap":{},"s":{"0":1,"1":1,"2":1,"3":1,"4":1,"5":1,"6":1,"7":1,"8":1,"9":1,"10":1,"11":1,"12":1,"13":1,"14":1,"15":1,"16":1,"17":1,"18":1,"19":1,"20":1,"21":1,"22":1,"23":1,"24":1,"25":1,"26":1},"f":{"0":1},"b":{},"_coverageSchema":"1a1c01bbd47fc00a2c39e90264f33305004495a9","hash":"71e4dca8aa0443dca7f08c368d8cf771dc367c2e"}
,"C:\\Users\\fibys\\Documents\\IC 4302 - Bases de Datos II\\Restaurantes-e2\\src\\shared\\keycloak.js": {"path":"C:\\Users\\fibys\\Documents\\IC 4302 - Bases de Datos II\\Restaurantes-e2\\src\\shared\\keycloak.js","statementMap":{"0":{"start":{"line":6,"column":16},"end":{"line":6,"column":42}},"1":{"start":{"line":7,"column":17},"end":{"line":7,"column":44}},"2":{"start":{"line":8,"column":14},"end":{"line":8,"column":30}},"3":{"start":{"line":9,"column":0},"end":{"line":9,"column":27}},"4":{"start":{"line":11,"column":20},"end":{"line":11,"column":45}},"5":{"start":{"line":13,"column":17},"end":{"line":20,"column":2}},"6":{"start":{"line":22,"column":22},"end":{"line":43,"column":1}},"7":{"start":{"line":23,"column":2},"end":{"line":42,"column":3}},"8":{"start":{"line":24,"column":21},"end":{"line":35,"column":5}},"9":{"start":{"line":37,"column":18},"end":{"line":37,"column":44}},"10":{"start":{"line":38,"column":4},"end":{"line":38,"column":17}},"11":{"start":{"line":40,"column":4},"end":{"line":40,"column":93}},"12":{"start":{"line":41,"column":4},"end":{"line":41,"column":81}},"13":{"start":{"line":45,"column":0},"end":{"line":45,"column":58}}},"fnMap":{"0":{"name":"(anonymous_0)","decl":{"start":{"line":22,"column":22},"end":{"line":22,"column":23}},"loc":{"start":{"line":22,"column":34},"end":{"line":43,"column":1}},"line":22}},"branchMap":{"0":{"loc":{"start":{"line":40,"column":54},"end":{"line":40,"column":91}},"type":"binary-expr","locations":[{"start":{"line":40,"column":54},"end":{"line":40,"column":74}},{"start":{"line":40,"column":78},"end":{"line":40,"column":91}}],"line":40}},"s":{"0":1,"1":1,"2":1,"3":1,"4":1,"5":1,"6":1,"7":0,"8":0,"9":0,"10":0,"11":0,"12":0,"13":1},"f":{"0":0},"b":{"0":[0,0]},"_coverageSchema":"1a1c01bbd47fc00a2c39e90264f33305004495a9","hash":"b22e58895b25c1a1cba123875ffd50bca99900ba"}
}
