{"C:\\Users\\nicop\\Documents\\GitHub\\reserva-restaurantes\\src\\apiFiles\\Routes.js": {"path":"C:\\Users\\nicop\\Documents\\GitHub\\reserva-restaurantes\\src\\apiFiles\\Routes.js","statementMap":{"0":{"start":{"line":1,"column":16},"end":{"line":1,"column":34}},"1":{"start":{"line":2,"column":201},"end":{"line":2,"column":224}},"2":{"start":{"line":3,"column":42},"end":{"line":3,"column":65}},"3":{"start":{"line":5,"column":15},"end":{"line":5,"column":31}},"4":{"start":{"line":7,"column":0},"end":{"line":7,"column":44}},"5":{"start":{"line":8,"column":0},"end":{"line":8,"column":38}},"6":{"start":{"line":11,"column":0},"end":{"line":11,"column":50}},"7":{"start":{"line":12,"column":0},"end":{"line":12,"column":63}},"8":{"start":{"line":13,"column":0},"end":{"line":13,"column":66}},"9":{"start":{"line":16,"column":0},"end":{"line":16,"column":74}},"10":{"start":{"line":17,"column":0},"end":{"line":17,"column":60}},"11":{"start":{"line":20,"column":0},"end":{"line":20,"column":62}},"12":{"start":{"line":21,"column":0},"end":{"line":21,"column":51}},"13":{"start":{"line":22,"column":0},"end":{"line":22,"column":63}},"14":{"start":{"line":23,"column":0},"end":{"line":23,"column":66}},"15":{"start":{"line":26,"column":0},"end":{"line":26,"column":67}},"16":{"start":{"line":27,"column":0},"end":{"line":27,"column":71}},"17":{"start":{"line":30,"column":0},"end":{"line":30,"column":55}},"18":{"start":{"line":31,"column":0},"end":{"line":31,"column":53}},"19":{"start":{"line":33,"column":0},"end":{"line":33,"column":24}}},"fnMap":{},"branchMap":{},"s":{"0":1,"1":1,"2":1,"3":1,"4":1,"5":1,"6":1,"7":1,"8":1,"9":1,"10":1,"11":1,"12":1,"13":1,"14":1,"15":1,"16":1,"17":1,"18":1,"19":1},"f":{},"b":{},"_coverageSchema":"1a1c01bbd47fc00a2c39e90264f33305004495a9","hash":"a0ab2fb9b4e243a93c6e9f19f530d39fdf323374"}
}
