TN:
SF:src\api\Controller.js
FN:32,getEntityId
FN:39,(anonymous_1)
FN:87,(anonymous_2)
FN:134,(anonymous_3)
FN:233,(anonymous_4)
FN:265,(anonymous_5)
FN:308,(anonymous_6)
FN:348,(anonymous_7)
FN:370,(anonymous_8)
FN:411,(anonymous_9)
FN:430,(anonymous_10)
FN:474,(anonymous_11)
FN:493,(anonymous_12)
FN:519,(anonymous_13)
FN:538,(anonymous_14)
FN:570,(anonymous_15)
FN:596,(anonymous_16)
FN:614,(anonymous_17)
FN:649,(anonymous_18)
FN:669,(anonymous_19)
FN:694,(anonymous_20)
FN:718,(anonymous_21)
FN:749,(anonymous_22)
FNF:23
FNH:6
FNDA:0,getEntityId
FNDA:4,(anonymous_1)
FNDA:5,(anonymous_2)
FNDA:1,(anonymous_3)
FNDA:2,(anonymous_4)
FNDA:1,(anonymous_5)
FNDA:1,(anonymous_6)
FNDA:0,(anonymous_7)
FNDA:0,(anonymous_8)
FNDA:0,(anonymous_9)
FNDA:0,(anonymous_10)
FNDA:0,(anonymous_11)
FNDA:0,(anonymous_12)
FNDA:0,(anonymous_13)
FNDA:0,(anonymous_14)
FNDA:0,(anonymous_15)
FNDA:0,(anonymous_16)
FNDA:0,(anonymous_17)
FNDA:0,(anonymous_18)
FNDA:0,(anonymous_19)
FNDA:0,(anonymous_20)
FNDA:0,(anonymous_21)
FNDA:0,(anonymous_22)
DA:17,1
DA:18,1
DA:19,1
DA:20,1
DA:21,1
DA:22,1
DA:23,1
DA:24,1
DA:26,1
DA:28,1
DA:29,1
DA:30,1
DA:33,0
DA:39,1
DA:40,4
DA:42,4
DA:43,1
DA:46,3
DA:48,3
DA:49,3
DA:51,2
DA:52,1
DA:56,1
DA:59,1
DA:67,1
DA:79,1
DA:80,1
DA:87,1
DA:88,5
DA:90,5
DA:91,2
DA:94,3
DA:95,3
DA:110,1
DA:116,2
DA:121,2
DA:134,1
DA:135,1
DA:137,1
DA:138,1
DA:139,0
DA:142,1
DA:143,0
DA:146,1
DA:147,1
DA:150,1
DA:151,1
DA:153,1
DA:154,0
DA:157,1
DA:159,1
DA:161,1
DA:184,1
DA:185,1
DA:186,0
DA:188,1
DA:190,1
DA:192,1
DA:199,1
DA:207,1
DA:215,1
DA:218,0
DA:223,0
DA:233,1
DA:234,2
DA:235,2
DA:237,2
DA:239,2
DA:240,2
DA:241,0
DA:242,0
DA:246,2
DA:247,2
DA:249,2
DA:251,2
DA:254,1
DA:255,1
DA:257,0
DA:258,0
DA:265,1
DA:266,1
DA:267,1
DA:269,1
DA:271,1
DA:272,1
DA:273,0
DA:276,1
DA:279,1
DA:280,1
DA:281,0
DA:285,1
DA:286,1
DA:294,1
DA:297,1
DA:298,1
DA:300,0
DA:301,0
DA:308,1
DA:309,1
DA:311,1
DA:313,1
DA:314,1
DA:317,1
DA:318,1
DA:319,0
DA:323,1
DA:324,1
DA:327,1
DA:329,1
DA:330,1
DA:332,0
DA:333,0
DA:348,1
DA:349,0
DA:350,0
DA:352,0
DA:353,0
DA:355,0
DA:356,0
DA:359,0
DA:360,0
DA:362,0
DA:363,0
DA:370,1
DA:371,0
DA:372,0
DA:374,0
DA:376,0
DA:377,0
DA:378,0
DA:379,0
DA:383,0
DA:384,0
DA:386,0
DA:389,0
DA:390,0
DA:391,0
DA:393,0
DA:394,0
DA:411,1
DA:412,0
DA:413,0
DA:414,0
DA:415,0
DA:417,0
DA:418,0
DA:420,0
DA:422,0
DA:423,0
DA:430,1
DA:431,0
DA:432,0
DA:434,0
DA:436,0
DA:437,0
DA:438,0
DA:439,0
DA:446,0
DA:447,0
DA:449,0
DA:451,0
DA:452,0
DA:456,0
DA:459,0
DA:465,0
DA:466,0
DA:474,1
DA:475,0
DA:476,0
DA:477,0
DA:478,0
DA:480,0
DA:481,0
DA:483,0
DA:485,0
DA:486,0
DA:493,1
DA:494,0
DA:495,0
DA:496,0
DA:498,0
DA:499,0
DA:501,0
DA:503,0
DA:504,0
DA:519,1
DA:520,0
DA:522,0
DA:523,0
DA:524,0
DA:526,0
DA:527,0
DA:528,0
DA:530,0
DA:531,0
DA:538,1
DA:539,0
DA:540,0
DA:542,0
DA:544,0
DA:545,0
DA:546,0
DA:547,0
DA:551,0
DA:552,0
DA:554,0
DA:555,0
DA:558,0
DA:559,0
DA:560,0
DA:562,0
DA:563,0
DA:570,1
DA:571,0
DA:572,0
DA:573,0
DA:575,0
DA:576,0
DA:578,0
DA:580,0
DA:581,0
DA:596,1
DA:597,0
DA:598,0
DA:599,0
DA:600,0
DA:602,0
DA:603,0
DA:604,0
DA:606,0
DA:607,0
DA:614,1
DA:615,0
DA:616,0
DA:618,0
DA:620,0
DA:621,0
DA:622,0
DA:623,0
DA:627,0
DA:628,0
DA:630,0
DA:631,0
DA:634,0
DA:635,0
DA:636,0
DA:638,0
DA:639,0
DA:649,1
DA:650,0
DA:651,0
DA:662,0
DA:669,1
DA:670,0
DA:671,0
DA:676,0
DA:677,0
DA:694,1
DA:695,0
DA:697,0
DA:698,0
DA:699,0
DA:701,0
DA:705,0
DA:707,0
DA:708,0
DA:710,0
DA:711,0
DA:718,1
DA:719,0
DA:720,0
DA:722,0
DA:724,0
DA:725,0
DA:726,0
DA:727,0
DA:731,0
DA:732,0
DA:734,0
DA:737,0
DA:738,0
DA:739,0
DA:741,0
DA:742,0
DA:749,1
DA:750,0
DA:752,0
DA:754,0
DA:755,0
DA:757,0
DA:759,0
DA:760,0
DA:762,0
DA:764,0
DA:765,0
DA:769,1
LF:296
LH:111
BRDA:33,0,0,0
BRDA:33,0,1,0
BRDA:42,1,0,1
BRDA:42,1,1,3
BRDA:51,2,0,1
BRDA:51,2,1,1
BRDA:82,3,0,1
BRDA:82,3,1,0
BRDA:90,4,0,2
BRDA:90,4,1,3
BRDA:90,5,0,5
BRDA:90,5,1,4
BRDA:123,6,0,2
BRDA:123,6,1,1
BRDA:138,7,0,0
BRDA:138,7,1,1
BRDA:138,8,0,1
BRDA:138,8,1,1
BRDA:138,8,2,1
BRDA:138,8,3,1
BRDA:142,9,0,0
BRDA:142,9,1,1
BRDA:142,10,0,1
BRDA:142,10,1,1
BRDA:151,11,0,1
BRDA:151,11,1,0
BRDA:153,12,0,0
BRDA:153,12,1,1
BRDA:185,13,0,0
BRDA:185,13,1,1
BRDA:208,14,0,1
BRDA:208,14,1,0
BRDA:225,15,0,0
BRDA:225,15,1,0
BRDA:240,16,0,0
BRDA:240,16,1,2
BRDA:251,17,0,1
BRDA:251,17,1,1
BRDA:258,18,0,0
BRDA:258,18,1,0
BRDA:272,19,0,0
BRDA:272,19,1,1
BRDA:272,20,0,1
BRDA:272,20,1,1
BRDA:280,21,0,0
BRDA:280,21,1,1
BRDA:300,22,0,0
BRDA:300,22,1,0
BRDA:318,23,0,0
BRDA:318,23,1,1
BRDA:333,24,0,0
BRDA:333,24,1,0
BRDA:363,25,0,0
BRDA:363,25,1,0
BRDA:377,26,0,0
BRDA:377,26,1,0
BRDA:394,27,0,0
BRDA:394,27,1,0
BRDA:423,28,0,0
BRDA:423,28,1,0
BRDA:437,29,0,0
BRDA:437,29,1,0
BRDA:451,30,0,0
BRDA:451,30,1,0
BRDA:466,31,0,0
BRDA:466,31,1,0
BRDA:486,32,0,0
BRDA:486,32,1,0
BRDA:504,33,0,0
BRDA:504,33,1,0
BRDA:531,34,0,0
BRDA:531,34,1,0
BRDA:545,35,0,0
BRDA:545,35,1,0
BRDA:555,36,0,0
BRDA:555,36,1,0
BRDA:563,37,0,0
BRDA:563,37,1,0
BRDA:581,38,0,0
BRDA:581,38,1,0
BRDA:607,39,0,0
BRDA:607,39,1,0
BRDA:621,40,0,0
BRDA:621,40,1,0
BRDA:631,41,0,0
BRDA:631,41,1,0
BRDA:639,42,0,0
BRDA:639,42,1,0
BRDA:676,43,0,0
BRDA:676,43,1,0
BRDA:702,44,0,0
BRDA:702,44,1,0
BRDA:711,45,0,0
BRDA:711,45,1,0
BRDA:725,46,0,0
BRDA:725,46,1,0
BRDA:742,47,0,0
BRDA:742,47,1,0
BRDA:765,48,0,0
BRDA:765,48,1,0
BRF:100
BRH:31
end_of_record
TN:
SF:src\api\Routes.js
FN:48,(anonymous_0)
FNF:1
FNH:1
FNDA:1,(anonymous_0)
DA:6,1
DA:9,1
DA:10,1
DA:12,1
DA:15,1
DA:16,1
DA:17,1
DA:20,1
DA:21,1
DA:22,1
DA:25,1
DA:26,1
DA:29,1
DA:30,1
DA:31,1
DA:32,1
DA:35,1
DA:36,1
DA:37,1
DA:40,1
DA:41,1
DA:44,1
DA:45,1
DA:46,1
DA:48,1
DA:49,1
DA:52,1
LF:27
LH:27
BRF:0
BRH:0
end_of_record
TN:
SF:src\shared\keycloak.js
FN:22,(anonymous_0)
FNF:1
FNH:0
FNDA:0,(anonymous_0)
DA:6,1
DA:7,1
DA:8,1
DA:9,1
DA:11,1
DA:13,1
DA:22,1
DA:23,0
DA:24,0
DA:37,0
DA:38,0
DA:40,0
DA:41,0
DA:45,1
LF:14
LH:8
BRDA:40,0,0,0
BRDA:40,0,1,0
BRF:2
BRH:0
end_of_record
